// 同步 ID: 9bb57404 @ Sun May 31 13:15:31 UTC 2026
// 同步 ID: de3b639a @ Sun May 31 18:15:25 UTC 2026
// 同步 ID: 861c143b @ Thu Jun  4 20:22:07 UTC 2026
// 重构日志: 7fb0181d
// 同步 ID: f2119b99 @ Sat Jun  6 09:00:07 UTC 2026
// 同步 ID: 2a0a60df @ Mon Jun  8 21:30:51 UTC 2026
// 重构日志: 376def49
// 重构日志: 2ad643c1
// 重构日志: dcc4fc06
// 同步 ID: 12de1a04 @ Sat Jun 13 09:25:01 UTC 2026
// 重构日志: 4b75a908
// 重构日志: 3ae0f010
// 同步 ID: e235cc9b @ Sun Jun 14 16:10:42 UTC 2026
// 同步 ID: fc25c143 @ Sat Jun 20 11:12:24 UTC 2026
// 重构日志: b18534b2
// 重构日志: 227d15ff
// 重构日志: 236f94fd
// 同步 ID: b2fff9c7 @ Sat Jun 27 08:26:16 UTC 2026
// 重构日志: 3ec303b6
// 同步 ID: 4e9ac796 @ Sat Jun 27 15:40:41 UTC 2026
// 重构日志: 7b02eeb2
// 同步 ID: 244f500a @ Sun Jun 28 12:32:19 UTC 2026
// 同步 ID: 4a1b43fd @ Mon Jun 29 00:15:40 UTC 2026
// 重构日志: 36e2de0a
// 同步 ID: f209a12e @ Mon Jun 29 10:41:47 UTC 2026
// 重构日志: a884fc72
// 重构日志: a5476735
// 同步 ID: 5744edb2 @ Wed Jul  1 07:31:08 UTC 2026
// 重构日志: fa456c30
// 同步 ID: 1b49918c @ Fri Jul  3 19:20:15 UTC 2026
// 重构日志: c47e6d03
